<?xml version="1.0" encoding="UTF-8"?>
<!-- Generated by org.testng.reporters.JUnitReportReporter -->
<testsuite hostname="DESKTOP-QDTAIDP" failures="0" tests="4" name="api.test.UserTests" time="19.921" errors="0" timestamp="2023-04-28T14:05:43 IST" skipped="0">
  <testcase classname="api.test.UserTests" name="testPostUserByName" time="11.406"/>
  <system-out/>
  <testcase classname="api.test.UserTests" name="testGetUserByName" time="1.394"/>
  <system-out/>
  <testcase classname="api.test.UserTests" name="testUpdateUserByName" time="4.848"/>
  <system-out/>
  <testcase classname="api.test.UserTests" name="testDeleteUserByName" time="2.273"/>
  <system-out/>
</testsuite> <!-- api.test.UserTests -->
