<?xml version="1.0" encoding="UTF-8"?>
<!-- Generated by org.testng.reporters.JUnitReportReporter -->
<testsuite hostname="DESKTOP-QDTAIDP" failures="0" tests="4" name="api.test.UserTests" time="12.443" errors="0" timestamp="2023-04-21T05:58:23 IST" skipped="0">
  <testcase classname="api.test.UserTests" name="testPostUserByName" time="6.680"/>
  <system-out/>
  <testcase classname="api.test.UserTests" name="testGetUserByName" time="1.541"/>
  <system-out/>
  <testcase classname="api.test.UserTests" name="testUpdateUserByName" time="2.766"/>
  <system-out/>
  <testcase classname="api.test.UserTests" name="testDeleteUserByName" time="1.456"/>
  <system-out/>
</testsuite> <!-- api.test.UserTests -->
