<?xml version="1.0" encoding="UTF-8"?>
<!-- Generated by org.testng.reporters.JUnitReportReporter -->
<testsuite hostname="DESKTOP-QDTAIDP" failures="0" tests="4" name="api.test.UserTests" time="12.021" errors="0" timestamp="2023-04-29T11:43:53 IST" skipped="0">
  <testcase classname="api.test.UserTests" name="testPostUserByName" time="7.276"/>
  <system-out/>
  <testcase classname="api.test.UserTests" name="testGetUserByName" time="1.269"/>
  <system-out/>
  <testcase classname="api.test.UserTests" name="testUpdateUserByName" time="2.270"/>
  <system-out/>
  <testcase classname="api.test.UserTests" name="testDeleteUserByName" time="1.206"/>
  <system-out/>
</testsuite> <!-- api.test.UserTests -->
