<?xml version="1.0" encoding="UTF-8"?>
<!-- Generated by org.testng.reporters.JUnitReportReporter -->
<testsuite hostname="DESKTOP-QDTAIDP" failures="0" tests="4" name="api.test.UserTests" time="13.318" errors="0" timestamp="2023-04-21T14:26:13 IST" skipped="0">
  <testcase classname="api.test.UserTests" name="testPostUserByName" time="7.310"/>
  <system-out/>
  <testcase classname="api.test.UserTests" name="testGetUserByName" time="1.531"/>
  <system-out/>
  <testcase classname="api.test.UserTests" name="testUpdateUserByName" time="2.913"/>
  <system-out/>
  <testcase classname="api.test.UserTests" name="testDeleteUserByName" time="1.564"/>
  <system-out/>
</testsuite> <!-- api.test.UserTests -->
